<?xml version="1.0" encoding="UTF-8"?>
<testsuite name="demo.PollAppApplicationTests" tests="1" skipped="0" failures="0" errors="0" timestamp="2015-03-09T01:04:40" hostname="Izhar-Pc" time="0.015">
  <properties/>
  <testcase name="contextLoads" classname="demo.PollAppApplicationTests" time="0.015"/>
  <system-out><![CDATA[18:04:33.958 [Test worker] DEBUG o.s.t.c.j.SpringJUnit4ClassRunner - SpringJUnit4ClassRunner constructor called with [class demo.PollAppApplicationTests].
18:04:34.028 [Test worker] DEBUG o.s.test.context.BootstrapUtils - Instantiating TestContextBootstrapper from class [org.springframework.test.context.web.WebTestContextBootstrapper]
18:04:34.089 [Test worker] DEBUG o.s.t.c.w.WebTestContextBootstrapper - Found explicit ContextLoader class [org.springframework.boot.test.SpringApplicationContextLoader] for context configuration attributes [ContextConfigurationAttributes@17c1835 declaringClass = 'demo.PollAppApplicationTests', classes = '{class demo.PollAppApplication}', locations = '{}', inheritLocations = true, initializers = '{}', inheritInitializers = true, name = [null], contextLoaderClass = 'org.springframework.boot.test.SpringApplicationContextLoader']
18:04:34.112 [Test worker] DEBUG o.s.t.c.support.ActiveProfilesUtils - Could not find an 'annotation declaring class' for annotation type [org.springframework.test.context.ActiveProfiles] and class [demo.PollAppApplicationTests]
18:04:34.124 [Test worker] DEBUG o.s.t.c.w.WebTestContextBootstrapper - @TestExecutionListeners is not present for class [demo.PollAppApplicationTests]: using defaults.
18:04:34.147 [Test worker] INFO  o.s.t.c.w.WebTestContextBootstrapper - Loaded default TestExecutionListener class names from location [META-INF/spring.factories]: [org.springframework.test.context.web.ServletTestExecutionListener, org.springframework.test.context.support.DependencyInjectionTestExecutionListener, org.springframework.test.context.support.DirtiesContextTestExecutionListener, org.springframework.test.context.transaction.TransactionalTestExecutionListener, org.springframework.test.context.jdbc.SqlScriptsTestExecutionListener]
18:04:34.207 [Test worker] INFO  o.s.t.c.w.WebTestContextBootstrapper - Using TestExecutionListeners: [org.springframework.test.context.web.ServletTestExecutionListener@7e86a1, org.springframework.test.context.support.DependencyInjectionTestExecutionListener@132341a, org.springframework.test.context.support.DirtiesContextTestExecutionListener@dfd711, org.springframework.test.context.transaction.TransactionalTestExecutionListener@14e87, org.springframework.test.context.jdbc.SqlScriptsTestExecutionListener@728228]
18:04:34.215 [Test worker] DEBUG o.s.t.annotation.ProfileValueUtils - Retrieved @ProfileValueSourceConfiguration [null] for test class [demo.PollAppApplicationTests]
18:04:34.217 [Test worker] DEBUG o.s.t.annotation.ProfileValueUtils - Retrieved ProfileValueSource type [class org.springframework.test.annotation.SystemProfileValueSource] for class [demo.PollAppApplicationTests]
18:04:34.224 [Test worker] DEBUG o.s.t.annotation.ProfileValueUtils - Retrieved @ProfileValueSourceConfiguration [null] for test class [demo.PollAppApplicationTests]
18:04:34.225 [Test worker] DEBUG o.s.t.annotation.ProfileValueUtils - Retrieved ProfileValueSource type [class org.springframework.test.annotation.SystemProfileValueSource] for class [demo.PollAppApplicationTests]
18:04:34.227 [Test worker] DEBUG o.s.t.annotation.ProfileValueUtils - Retrieved @ProfileValueSourceConfiguration [null] for test class [demo.PollAppApplicationTests]
18:04:34.227 [Test worker] DEBUG o.s.t.annotation.ProfileValueUtils - Retrieved ProfileValueSource type [class org.springframework.test.annotation.SystemProfileValueSource] for class [demo.PollAppApplicationTests]
18:04:34.232 [Test worker] DEBUG o.s.t.annotation.ProfileValueUtils - Retrieved @ProfileValueSourceConfiguration [null] for test class [demo.PollAppApplicationTests]
18:04:34.233 [Test worker] DEBUG o.s.t.annotation.ProfileValueUtils - Retrieved ProfileValueSource type [class org.springframework.test.annotation.SystemProfileValueSource] for class [demo.PollAppApplicationTests]
18:04:34.448 [Test worker] DEBUG o.s.core.env.StandardEnvironment - Adding [systemProperties] PropertySource with lowest search precedence
18:04:34.455 [Test worker] DEBUG o.s.core.env.StandardEnvironment - Adding [systemEnvironment] PropertySource with lowest search precedence
18:04:34.455 [Test worker] DEBUG o.s.core.env.StandardEnvironment - Initialized StandardEnvironment with PropertySources [systemProperties,systemEnvironment]
18:04:34.459 [Test worker] DEBUG o.s.core.env.StandardEnvironment - Adding [integrationTest] PropertySource with search precedence immediately lower than [systemEnvironment]

  .   ____          _            __ _ _
 /\\ / ___'_ __ _ _(_)_ __  __ _ \ \ \ \
( ( )\___ | '_ | '_| | '_ \/ _` | \ \ \ \
 \\/  ___)| |_)| | | | | || (_| |  ) ) ) )
  '  |____| .__|_| |_|_| |_\__, | / / / /
 =========|_|==============|___/=/_/_/_/
 :: Spring Boot ::        (v1.2.2.RELEASE)

2015-03-08 18:04:35.084  INFO 6812 --- [    Test worker] o.s.boot.SpringApplication               : Starting application on Izhar-Pc with PID 6812 (C:\Users\Izhar\.gradle\caches\modules-2\files-2.1\org.springframework.boot\spring-boot\1.2.2.RELEASE\c2495d6c08c742743366f50e25ad76f5dfcd9f75\spring-boot-1.2.2.RELEASE.jar started by Izhar in G:\wspractise\PollApp)
2015-03-08 18:04:35.245  INFO 6812 --- [    Test worker] o.s.w.c.s.GenericWebApplicationContext   : Refreshing org.springframework.web.context.support.GenericWebApplicationContext@1043209: startup date [Sun Mar 08 18:04:35 PDT 2015]; root of context hierarchy
2015-03-08 18:04:36.815  INFO 6812 --- [    Test worker] o.s.b.f.s.DefaultListableBeanFactory     : Overriding bean definition for bean 'beanNameViewResolver': replacing [Root bean: class [null]; scope=; abstract=false; lazyInit=false; autowireMode=3; dependencyCheck=0; autowireCandidate=true; primary=false; factoryBeanName=org.springframework.boot.autoconfigure.web.ErrorMvcAutoConfiguration$WhitelabelErrorViewConfiguration; factoryMethodName=beanNameViewResolver; initMethodName=null; destroyMethodName=(inferred); defined in class path resource [org/springframework/boot/autoconfigure/web/ErrorMvcAutoConfiguration$WhitelabelErrorViewConfiguration.class]] with [Root bean: class [null]; scope=; abstract=false; lazyInit=false; autowireMode=3; dependencyCheck=0; autowireCandidate=true; primary=false; factoryBeanName=org.springframework.boot.autoconfigure.web.WebMvcAutoConfiguration$WebMvcAutoConfigurationAdapter; factoryMethodName=beanNameViewResolver; initMethodName=null; destroyMethodName=(inferred); defined in class path resource [org/springframework/boot/autoconfigure/web/WebMvcAutoConfiguration$WebMvcAutoConfigurationAdapter.class]]
2015-03-08 18:04:40.144  INFO 6812 --- [    Test worker] s.w.s.m.m.a.RequestMappingHandlerAdapter : Looking for @ControllerAdvice: org.springframework.web.context.support.GenericWebApplicationContext@1043209: startup date [Sun Mar 08 18:04:35 PDT 2015]; root of context hierarchy
2015-03-08 18:04:40.312  INFO 6812 --- [    Test worker] s.w.s.m.m.a.RequestMappingHandlerMapping : Mapped "{[/api/v1/moderators],methods=[POST],params=[],headers=[],consumes=[],produces=[application/json],custom=[]}" onto public org.springframework.http.ResponseEntity demo.ModPollingController.addModerator(demo.Moderator,java.lang.String) throws java.lang.Exception
2015-03-08 18:04:40.313  INFO 6812 --- [    Test worker] s.w.s.m.m.a.RequestMappingHandlerMapping : Mapped "{[/api/v1/moderators/{moderator_id}],methods=[PUT],params=[],headers=[],consumes=[],produces=[],custom=[]}" onto public org.springframework.http.ResponseEntity demo.ModPollingController.updateModerator(java.lang.String,demo.Moderator,java.lang.String) throws java.lang.Exception
2015-03-08 18:04:40.314  INFO 6812 --- [    Test worker] s.w.s.m.m.a.RequestMappingHandlerMapping : Mapped "{[/api/v1/polls/{poll_id}],methods=[PUT],params=[],headers=[],consumes=[],produces=[],custom=[]}" onto public org.springframework.http.ResponseEntity demo.ModPollingController.updateVote(java.lang.String,java.lang.String)
2015-03-08 18:04:40.315  INFO 6812 --- [    Test worker] s.w.s.m.m.a.RequestMappingHandlerMapping : Mapped "{[/api/v1/moderators/{moderator_id}/polls],methods=[GET],params=[],headers=[],consumes=[],produces=[],custom=[]}" onto public org.springframework.http.ResponseEntity demo.ModPollingController.listAllPollsGet(java.lang.String,java.lang.String)
2015-03-08 18:04:40.316  INFO 6812 --- [    Test worker] s.w.s.m.m.a.RequestMappingHandlerMapping : Mapped "{[/api/v1/moderators/{moderator_id}],methods=[GET],params=[],headers=[],consumes=[],produces=[application/json],custom=[]}" onto public org.springframework.http.ResponseEntity<demo.Moderator> demo.ModPollingController.viewMod(java.lang.String) throws java.lang.Exception
2015-03-08 18:04:40.317  INFO 6812 --- [    Test worker] s.w.s.m.m.a.RequestMappingHandlerMapping : Mapped "{[/api/v1/moderators/{moderator_id}/polls],methods=[POST],params=[],headers=[],consumes=[],produces=[application/json],custom=[]}" onto public org.springframework.http.ResponseEntity demo.ModPollingController.addPoll(demo.Poll,java.lang.String,java.lang.String) throws java.lang.Exception
2015-03-08 18:04:40.318  INFO 6812 --- [    Test worker] s.w.s.m.m.a.RequestMappingHandlerMapping : Mapped "{[/api/v1/moderators/{moderator_id}/polls/{poll_id}],methods=[DELETE],params=[],headers=[],consumes=[application/json],produces=[],custom=[]}" onto public org.springframework.http.ResponseEntity<demo.Poll> demo.ModPollingController.delpoll(java.lang.String,java.lang.String,java.lang.String) throws java.lang.Exception
2015-03-08 18:04:40.319  INFO 6812 --- [    Test worker] s.w.s.m.m.a.RequestMappingHandlerMapping : Mapped "{[/api/v1/moderators/{moderator_id}/polls/{poll_id}],methods=[GET],params=[],headers=[],consumes=[],produces=[application/json],custom=[]}" onto public org.springframework.http.ResponseEntity demo.ModPollingController.viewpollwithresults(java.lang.String,java.lang.String,java.lang.String) throws java.lang.Exception
2015-03-08 18:04:40.320  INFO 6812 --- [    Test worker] s.w.s.m.m.a.RequestMappingHandlerMapping : Mapped "{[/api/v1/polls/{poll_id}],methods=[GET],params=[],headers=[],consumes=[],produces=[application/json],custom=[]}" onto public org.springframework.http.ResponseEntity<demo.Poll> demo.ModPollingController.viewpollwithoutresults(java.lang.String) throws java.lang.Exception
2015-03-08 18:04:40.324  INFO 6812 --- [    Test worker] s.w.s.m.m.a.RequestMappingHandlerMapping : Mapped "{[/error],methods=[],params=[],headers=[],consumes=[],produces=[],custom=[]}" onto public org.springframework.http.ResponseEntity<java.util.Map<java.lang.String, java.lang.Object>> org.springframework.boot.autoconfigure.web.BasicErrorController.error(javax.servlet.http.HttpServletRequest)
2015-03-08 18:04:40.325  INFO 6812 --- [    Test worker] s.w.s.m.m.a.RequestMappingHandlerMapping : Mapped "{[/error],methods=[],params=[],headers=[],consumes=[],produces=[text/html],custom=[]}" onto public org.springframework.web.servlet.ModelAndView org.springframework.boot.autoconfigure.web.BasicErrorController.errorHtml(javax.servlet.http.HttpServletRequest)
2015-03-08 18:04:40.398  INFO 6812 --- [    Test worker] o.s.w.s.handler.SimpleUrlHandlerMapping  : Mapped URL path [/webjars/**] onto handler of type [class org.springframework.web.servlet.resource.ResourceHttpRequestHandler]
2015-03-08 18:04:40.399  INFO 6812 --- [    Test worker] o.s.w.s.handler.SimpleUrlHandlerMapping  : Mapped URL path [/**] onto handler of type [class org.springframework.web.servlet.resource.ResourceHttpRequestHandler]
2015-03-08 18:04:40.505  INFO 6812 --- [    Test worker] o.s.w.s.handler.SimpleUrlHandlerMapping  : Mapped URL path [/**/favicon.ico] onto handler of type [class org.springframework.web.servlet.resource.ResourceHttpRequestHandler]
2015-03-08 18:04:40.679  INFO 6812 --- [    Test worker] o.s.boot.SpringApplication               : Started application in 6.19 seconds (JVM running for 9.208)
]]></system-out>
  <system-err><![CDATA[]]></system-err>
</testsuite>
